<?xml version="1.0" encoding="UTF-8"?>
<!-- Generated by org.testng.reporters.JUnitReportReporter -->
<testsuite hostname="LAPTOP-8G54P5LT" failures="0" tests="3" name="testng.sample" time="12.749" errors="0" timestamp="2025-03-09T13:55:55 IST" skipped="0">
  <testcase classname="testng.sample" name="register" time="5.486"/>
  <system-out>
    <![CDATA[register test case executed]]>
  </system-out>
  <testcase classname="testng.sample" name="addToCart" time="3.634"/>
  <system-out>
    <![CDATA[addToCart test case executed]]>
  </system-out>
  <testcase classname="testng.sample" name="login" time="3.629"/>
  <system-out>
    <![CDATA[login test case executed]]>
  </system-out>
</testsuite> <!-- testng.sample -->
