<?xml version="1.0" encoding="UTF-8"?>
<!-- Generated by org.testng.reporters.JUnitReportReporter -->
<testsuite hostname="LAPTOP-8G54P5LT" failures="0" tests="1" name="testng.Yamaha" time="3.726" errors="0" timestamp="2025-03-15T13:38:21 IST" skipped="0">
  <testcase classname="testng.Yamaha" name="launch" time="3.726"/>
  <system-out>
    <![CDATA[yamaha launched]]>
  </system-out>
</testsuite> <!-- testng.Yamaha -->
