<?xml version="1.0" encoding="UTF-8"?>
<!-- Generated by org.testng.reporters.JUnitReportReporter -->
<testsuite hostname="LAPTOP-8G54P5LT" failures="0" tests="1" name="testng.Kawasaki" time="4.576" errors="0" timestamp="2025-03-15T13:24:17 IST" skipped="0">
  <testcase classname="testng.Kawasaki" name="launch" time="4.576"/>
  <system-out>
    <![CDATA[kawasaki launched]]>
  </system-out>
</testsuite> <!-- testng.Kawasaki -->
